Flow report for Maze_solver_final
Sat Mar 28 06:50:12 2026
Quartus Prime Version 20.1.1 Build 720 11/11/2020 SJ Lite Edition


---------------------
; Table of Contents ;
---------------------
  1. Legal Notice
  2. Flow Summary
  3. Flow Settings
  4. Flow Non-Default Global Settings
  5. Flow Elapsed Time
  6. Flow OS Summary
  7. Flow Log
  8. Flow Messages
  9. Flow Suppressed Messages



----------------
; Legal Notice ;
----------------
Copyright (C) 2020  Intel Corporation. All rights reserved.
Your use of Intel Corporation's design tools, logic functions 
and other software and tools, and any partner logic 
functions, and any output files from any of the foregoing 
(including device programming or simulation files), and any 
associated documentation or information are expressly subject 
to the terms and conditions of the Intel Program License 
Subscription Agreement, the Intel Quartus Prime License Agreement,
the Intel FPGA IP License Agreement, or other applicable license
agreement, including, without limitation, that your use is for
the sole purpose of programming logic devices manufactured by
Intel and sold by Intel or its authorized distributors.  Please
refer to the applicable agreement for further details, at
https://fpgasoftware.intel.com/eula.



+----------------------------------------------------------------------------------+
; Flow Summary                                                                     ;
+------------------------------------+---------------------------------------------+
; Flow Status                        ; Successful - Sat Mar 28 06:50:04 2026       ;
; Quartus Prime Version              ; 20.1.1 Build 720 11/11/2020 SJ Lite Edition ;
; Revision Name                      ; Maze_solver_final                           ;
; Top-level Entity Name              ; Top_System                                  ;
; Family                             ; Cyclone IV E                                ;
; Device                             ; EP4CE22F17C6                                ;
; Timing Models                      ; Final                                       ;
; Total logic elements               ; 6,995 / 22,320 ( 31 % )                     ;
;     Total combinational functions  ; 6,877 / 22,320 ( 31 % )                     ;
;     Dedicated logic registers      ; 1,336 / 22,320 ( 6 % )                      ;
; Total registers                    ; 1336                                        ;
; Total pins                         ; 36 / 154 ( 23 % )                           ;
; Total virtual pins                 ; 0                                           ;
; Total memory bits                  ; 0 / 608,256 ( 0 % )                         ;
; Embedded Multiplier 9-bit elements ; 0 / 132 ( 0 % )                             ;
; Total PLLs                         ; 0 / 4 ( 0 % )                               ;
+------------------------------------+---------------------------------------------+


+-----------------------------------------+
; Flow Settings                           ;
+-------------------+---------------------+
; Option            ; Setting             ;
+-------------------+---------------------+
; Start date & time ; 03/28/2026 06:48:53 ;
; Main task         ; Compilation         ;
; Revision Name     ; Maze_solver_final   ;
+-------------------+---------------------+


+-----------------------------------------------------------------------------------------------------------------------------+
; Flow Non-Default Global Settings                                                                                            ;
+-------------------------------------+----------------------------------------+-------------------+-------------+------------+
; Assignment Name                     ; Value                                  ; Default Value     ; Entity Name ; Section Id ;
+-------------------------------------+----------------------------------------+-------------------+-------------+------------+
; COMPILER_SIGNATURE_ID               ; 1097059045552.177466073327272          ; --                ; --          ; --         ;
; MAX_CORE_JUNCTION_TEMP              ; 85                                     ; --                ; --          ; --         ;
; MIN_CORE_JUNCTION_TEMP              ; 0                                      ; --                ; --          ; --         ;
; NOMINAL_CORE_SUPPLY_VOLTAGE         ; 1.2V                                   ; --                ; --          ; --         ;
; PARTITION_COLOR                     ; -- (Not supported for targeted family) ; --                ; Top_System  ; Top        ;
; PARTITION_FITTER_PRESERVATION_LEVEL ; -- (Not supported for targeted family) ; --                ; Top_System  ; Top        ;
; PARTITION_NETLIST_TYPE              ; -- (Not supported for targeted family) ; --                ; Top_System  ; Top        ;
; POWER_BOARD_THERMAL_MODEL           ; None (CONSERVATIVE)                    ; --                ; --          ; --         ;
; POWER_PRESET_COOLING_SOLUTION       ; 23 MM HEAT SINK WITH 200 LFPM AIRFLOW  ; --                ; --          ; --         ;
; PROJECT_OUTPUT_DIRECTORY            ; output_files                           ; --                ; --          ; --         ;
; TOP_LEVEL_ENTITY                    ; Top_System                             ; Maze_solver_final ; --          ; --         ;
+-------------------------------------+----------------------------------------+-------------------+-------------+------------+


+--------------------------------------------------------------------------------------------------------------------------+
; Flow Elapsed Time                                                                                                        ;
+----------------------+--------------+-------------------------+---------------------+------------------------------------+
; Module Name          ; Elapsed Time ; Average Processors Used ; Peak Virtual Memory ; Total CPU Time (on all processors) ;
+----------------------+--------------+-------------------------+---------------------+------------------------------------+
; Analysis & Synthesis ; 00:00:28     ; 1.0                     ; 4925 MB             ; 00:00:44                           ;
; Fitter               ; 00:00:36     ; 1.4                     ; 6611 MB             ; 00:01:24                           ;
; Assembler            ; 00:00:02     ; 1.0                     ; 4713 MB             ; 00:00:02                           ;
; Timing Analyzer      ; 00:00:06     ; 2.0                     ; 5003 MB             ; 00:00:08                           ;
; Total                ; 00:01:12     ; --                      ; --                  ; 00:02:18                           ;
+----------------------+--------------+-------------------------+---------------------+------------------------------------+


+------------------------------------------------------------------------------------+
; Flow OS Summary                                                                    ;
+----------------------+------------------+------------+------------+----------------+
; Module Name          ; Machine Hostname ; OS Name    ; OS Version ; Processor type ;
+----------------------+------------------+------------+------------+----------------+
; Analysis & Synthesis ; LAPTOP-6ASISUKC  ; Windows 10 ; 10.0       ; x86_64         ;
; Fitter               ; LAPTOP-6ASISUKC  ; Windows 10 ; 10.0       ; x86_64         ;
; Assembler            ; LAPTOP-6ASISUKC  ; Windows 10 ; 10.0       ; x86_64         ;
; Timing Analyzer      ; LAPTOP-6ASISUKC  ; Windows 10 ; 10.0       ; x86_64         ;
+----------------------+------------------+------------+------------+----------------+


------------
; Flow Log ;
------------
quartus_map --read_settings_files=on --write_settings_files=off Maze_solver_final -c Maze_solver_final
quartus_fit --read_settings_files=off --write_settings_files=off Maze_solver_final -c Maze_solver_final
quartus_asm --read_settings_files=off --write_settings_files=off Maze_solver_final -c Maze_solver_final
quartus_sta Maze_solver_final -c Maze_solver_final



